INFO  2021-07-07 11:08:03,634 [WrapperListener_start_runner] [processor: ; event: ] org.mule.runtime.api.message.AbstractMuleMessageBuilderFactory: Loaded MuleMessageBuilderFactory implementation 'org.mule.runtime.core.internal.message.DefaultMessageBuilderFactory' from classloader 'org.mule.runtime.module.reboot.internal.MuleContainerSystemClassLoader@1bc6f924'
INFO  2021-07-07 11:08:03,651 [WrapperListener_start_runner] [processor: ; event: ] org.mule.runtime.api.el.AbstractBindingContextBuilderFactory: Loaded BindingContextBuilderFactory implementation 'org.mule.runtime.core.api.el.DefaultBindingContextBuilderFactory' from classloader 'org.mule.runtime.module.reboot.internal.MuleContainerSystemClassLoader@1bc6f924'
INFO  2021-07-07 11:08:06,425 [WrapperListener_start_runner] [processor: ; event: ] org.mule.runtime.core.internal.util.journal.TransactionJournal: Using files for tx logs C:\Users\joakp\Desktop\Mulesoft\mule-enterprise-standalone-4.3.0-20210119\.\.mule\Inventory\queue-tx-log\tx1.log and C:\Users\joakp\Desktop\Mulesoft\mule-enterprise-standalone-4.3.0-20210119\.\.mule\Inventory\queue-tx-log\tx2.log
INFO  2021-07-07 11:08:06,432 [WrapperListener_start_runner] [processor: ; event: ] org.mule.runtime.core.internal.util.journal.TransactionJournal: Using files for tx logs C:\Users\joakp\Desktop\Mulesoft\mule-enterprise-standalone-4.3.0-20210119\.\.mule\Inventory\queue-xa-tx-log\tx1.log and C:\Users\joakp\Desktop\Mulesoft\mule-enterprise-standalone-4.3.0-20210119\.\.mule\Inventory\queue-xa-tx-log\tx2.log
INFO  2021-07-07 11:08:06,461 [WrapperListener_start_runner] [processor: ; event: ] org.mule.runtime.core.privileged.lifecycle.AbstractLifecycleManager: Initialising Bean: org.mule.runtime.module.extension.internal.runtime.config.ConfigurationProviderToolingAdapter-HTTP_Listener_config
INFO  2021-07-07 11:08:06,631 [WrapperListener_start_runner] [processor: ; event: ] org.mule.runtime.core.privileged.lifecycle.AbstractLifecycleManager: Initialising Bean: org.mule.runtime.module.extension.internal.runtime.config.ConfigurationProviderToolingAdapter-Database_Config
INFO  2021-07-07 11:08:06,638 [WrapperListener_start_runner] [processor: ; event: ] org.mule.runtime.core.privileged.lifecycle.AbstractLifecycleManager: Initialising Bean: org.mule.runtime.module.extension.internal.runtime.config.ConfigurationProviderToolingAdapter-Web_Service_Consumer_Config
INFO  2021-07-07 11:08:06,659 [WrapperListener_start_runner] [processor: ; event: ] org.mule.runtime.core.internal.security.tls.TlsProperties: Loading configuration file: tls-default.conf
INFO  2021-07-07 11:08:06,660 [WrapperListener_start_runner] [processor: ; event: ] org.mule.runtime.api.tls.AbstractTlsContextFactoryBuilderFactory: Loaded TlsContextFactoryBuilderFactory implementation 'org.mule.runtime.module.tls.api.DefaultTlsContextFactoryBuilderFactory' from classloader 'org.mule.runtime.module.reboot.internal.MuleContainerSystemClassLoader@1bc6f924'
INFO  2021-07-07 11:08:06,676 [WrapperListener_start_runner] [processor: ; event: ] org.mule.runtime.core.internal.construct.FlowConstructLifecycleManager: Initialising flow: GetInventory-Soap
INFO  2021-07-07 11:08:06,712 [WrapperListener_start_runner] [processor: ; event: ] org.mule.runtime.core.privileged.lifecycle.AbstractLifecycleManager: Initialising Bean: listener
INFO  2021-07-07 11:08:07,069 [WrapperListener_start_runner] [processor: ; event: ] org.mule.runtime.core.internal.construct.FlowConstructLifecycleManager: Initialising flow: Get-InventoryDB
INFO  2021-07-07 11:08:07,070 [WrapperListener_start_runner] [processor: ; event: ] org.mule.runtime.core.privileged.lifecycle.AbstractLifecycleManager: Initialising Bean: listener
INFO  2021-07-07 11:08:07,095 [WrapperListener_start_runner] [processor: ; event: ] org.mule.runtime.core.internal.construct.FlowConstructLifecycleManager: Initialising flow: Get-InventoryDB-size
INFO  2021-07-07 11:08:07,095 [WrapperListener_start_runner] [processor: ; event: ] org.mule.runtime.core.privileged.lifecycle.AbstractLifecycleManager: Initialising Bean: listener
INFO  2021-07-07 11:08:07,101 [WrapperListener_start_runner] [processor: ; event: ] org.mule.runtime.core.internal.construct.FlowConstructLifecycleManager: Initialising flow: Get-InventoryDB-sku
INFO  2021-07-07 11:08:07,102 [WrapperListener_start_runner] [processor: ; event: ] org.mule.runtime.core.privileged.lifecycle.AbstractLifecycleManager: Initialising Bean: listener
INFO  2021-07-07 11:08:07,107 [WrapperListener_start_runner] [processor: ; event: ] org.mule.runtime.core.internal.construct.FlowConstructLifecycleManager: Initialising flow: Bulkinventory
INFO  2021-07-07 11:08:07,108 [WrapperListener_start_runner] [processor: ; event: ] org.mule.runtime.core.privileged.lifecycle.AbstractLifecycleManager: Initialising Bean: listener
INFO  2021-07-07 11:08:07,205 [WrapperListener_start_runner] [processor: ; event: ] org.mule.runtime.core.internal.util.queue.QueueXaResourceManager: Starting ResourceManager
INFO  2021-07-07 11:08:07,205 [WrapperListener_start_runner] [processor: ; event: ] org.mule.runtime.core.internal.util.queue.QueueXaResourceManager: Started ResourceManager
INFO  2021-07-07 11:08:07,210 [WrapperListener_start_runner] [processor: ; event: ] org.mule.runtime.core.privileged.lifecycle.AbstractLifecycleManager: Starting Bean: org.mule.runtime.module.extension.internal.runtime.config.ConfigurationProviderToolingAdapter-HTTP_Listener_config
INFO  2021-07-07 11:08:07,228 [WrapperListener_start_runner] [processor: ; event: ] org.mule.runtime.core.privileged.lifecycle.AbstractLifecycleManager: Starting Bean: org.mule.runtime.module.extension.internal.runtime.config.ConfigurationProviderToolingAdapter-Database_Config
WARN  2021-07-07 11:08:07,705 [[MuleRuntime].uber.17: [Inventory].uber@org.mule.runtime.module.extension.internal.runtime.config.LifecycleAwareConfigurationInstance.testConnectivity:179 @2b1ca394] [processor: ; event: ] org.mule.extension.db.api.logger.MuleMySqlLogger: Establishing SSL connection without server's identity verification is not recommended. According to MySQL 5.5.45+, 5.6.26+ and 5.7.6+ requirements SSL connection must be established by default if explicit option isn't set. For compliance with existing applications not using SSL the verifyServerCertificate property is set to 'false'. You need either to explicitly disable SSL by setting useSSL=false, or set useSSL=true and provide truststore for server certificate verification.
INFO  2021-07-07 11:08:09,471 [WrapperListener_start_runner] [processor: ; event: ] org.mule.runtime.core.privileged.lifecycle.AbstractLifecycleManager: Starting Bean: org.mule.runtime.module.extension.internal.runtime.config.ConfigurationProviderToolingAdapter-Web_Service_Consumer_Config
INFO  2021-07-07 11:08:09,521 [WrapperListener_start_runner] [processor: ; event: ] org.mule.runtime.core.internal.construct.FlowConstructLifecycleManager: Starting flow: GetInventory-Soap
INFO  2021-07-07 11:08:09,773 [WrapperListener_start_runner] [processor: ; event: ] org.mule.runtime.core.internal.construct.FlowConstructLifecycleManager: Starting flow: Get-InventoryDB
INFO  2021-07-07 11:08:09,782 [WrapperListener_start_runner] [processor: ; event: ] org.mule.runtime.core.internal.construct.FlowConstructLifecycleManager: Starting flow: Get-InventoryDB-size
INFO  2021-07-07 11:08:09,789 [WrapperListener_start_runner] [processor: ; event: ] org.mule.runtime.core.internal.construct.FlowConstructLifecycleManager: Starting flow: Get-InventoryDB-sku
INFO  2021-07-07 11:08:09,795 [WrapperListener_start_runner] [processor: ; event: ] org.mule.runtime.core.internal.construct.FlowConstructLifecycleManager: Starting flow: Bulkinventory
INFO  2021-07-07 11:08:09,823 [WrapperListener_start_runner] [processor: ; event: ] org.mule.runtime.core.privileged.lifecycle.AbstractLifecycleManager: Starting Bean: listener
INFO  2021-07-07 11:08:09,824 [WrapperListener_start_runner] [processor: ; event: ] org.mule.runtime.core.privileged.lifecycle.AbstractLifecycleManager: Starting Bean: listener
INFO  2021-07-07 11:08:09,824 [WrapperListener_start_runner] [processor: ; event: ] org.mule.runtime.core.privileged.lifecycle.AbstractLifecycleManager: Starting Bean: listener
INFO  2021-07-07 11:08:09,825 [WrapperListener_start_runner] [processor: ; event: ] org.mule.runtime.core.privileged.lifecycle.AbstractLifecycleManager: Starting Bean: listener
INFO  2021-07-07 11:08:09,825 [WrapperListener_start_runner] [processor: ; event: ] org.mule.runtime.core.privileged.lifecycle.AbstractLifecycleManager: Starting Bean: listener
INFO  2021-07-07 11:08:09,826 [WrapperListener_start_runner] [processor: ; event: ] org.mule.runtime.core.internal.logging.LogUtil: 
**********************************************************************
* Application: Inventory                                             *
* OS encoding: windows-1252, Mule encoding: UTF-8                    *
*                                                                    *
**********************************************************************
WARN  2021-07-07 11:08:16,574 [[MuleRuntime].uber.19: [Inventory].Get-InventoryDB-size.BLOCKING @1878d564] [processor: ; event: c63047a0-df2c-11eb-8e80-ac675df5c018] org.mule.extension.db.api.logger.MuleMySqlLogger: Establishing SSL connection without server's identity verification is not recommended. According to MySQL 5.5.45+, 5.6.26+ and 5.7.6+ requirements SSL connection must be established by default if explicit option isn't set. For compliance with existing applications not using SSL the verifyServerCertificate property is set to 'false'. You need either to explicitly disable SSL by setting useSSL=false, or set useSSL=true and provide truststore for server certificate verification.
INFO  2021-07-07 11:18:13,995 [WrapperListener_stop_runner] [processor: ; event: ] org.mule.runtime.core.internal.construct.FlowConstructLifecycleManager: Stopping flow: GetInventory-Soap
INFO  2021-07-07 11:18:13,996 [WrapperListener_stop_runner] [processor: ; event: ] org.mule.runtime.core.privileged.lifecycle.AbstractLifecycleManager: Stopping Bean: listener
INFO  2021-07-07 11:18:14,014 [WrapperListener_stop_runner] [processor: ; event: ] org.mule.runtime.core.internal.construct.FlowConstructLifecycleManager: Stopping flow: Get-InventoryDB
INFO  2021-07-07 11:18:14,014 [WrapperListener_stop_runner] [processor: ; event: ] org.mule.runtime.core.privileged.lifecycle.AbstractLifecycleManager: Stopping Bean: listener
INFO  2021-07-07 11:18:14,016 [WrapperListener_stop_runner] [processor: ; event: ] org.mule.runtime.core.internal.construct.FlowConstructLifecycleManager: Stopping flow: Get-InventoryDB-size
INFO  2021-07-07 11:18:14,016 [WrapperListener_stop_runner] [processor: ; event: ] org.mule.runtime.core.privileged.lifecycle.AbstractLifecycleManager: Stopping Bean: listener
INFO  2021-07-07 11:18:14,017 [WrapperListener_stop_runner] [processor: ; event: ] org.mule.runtime.core.internal.construct.FlowConstructLifecycleManager: Stopping flow: Get-InventoryDB-sku
INFO  2021-07-07 11:18:14,017 [WrapperListener_stop_runner] [processor: ; event: ] org.mule.runtime.core.privileged.lifecycle.AbstractLifecycleManager: Stopping Bean: listener
INFO  2021-07-07 11:18:14,018 [WrapperListener_stop_runner] [processor: ; event: ] org.mule.runtime.core.internal.construct.FlowConstructLifecycleManager: Stopping flow: Bulkinventory
INFO  2021-07-07 11:18:14,019 [WrapperListener_stop_runner] [processor: ; event: ] org.mule.runtime.core.privileged.lifecycle.AbstractLifecycleManager: Stopping Bean: listener
INFO  2021-07-07 11:18:14,020 [WrapperListener_stop_runner] [processor: ; event: ] org.mule.runtime.core.privileged.lifecycle.AbstractLifecycleManager: Stopping Bean: org.mule.runtime.module.extension.internal.runtime.config.ConfigurationProviderToolingAdapter-HTTP_Listener_config
INFO  2021-07-07 11:18:14,022 [WrapperListener_stop_runner] [processor: ; event: ] org.mule.runtime.core.privileged.lifecycle.AbstractLifecycleManager: Stopping Bean: org.mule.runtime.module.extension.internal.runtime.config.ConfigurationProviderToolingAdapter-Database_Config
INFO  2021-07-07 11:18:14,022 [WrapperListener_stop_runner] [processor: ; event: ] org.mule.runtime.core.privileged.lifecycle.AbstractLifecycleManager: Stopping Bean: org.mule.runtime.module.extension.internal.runtime.config.ConfigurationProviderToolingAdapter-Web_Service_Consumer_Config
INFO  2021-07-07 11:18:14,083 [WrapperListener_stop_runner] [processor: ; event: ] org.mule.runtime.core.internal.util.queue.QueueXaResourceManager: Stopping ResourceManager
INFO  2021-07-07 11:18:14,083 [WrapperListener_stop_runner] [processor: ; event: ] org.mule.runtime.core.internal.util.queue.QueueXaResourceManager: Stopped ResourceManager
INFO  2021-07-07 11:18:14,090 [WrapperListener_stop_runner] [processor: ; event: ] org.mule.runtime.core.internal.lifecycle.RegistryLifecycleCallback: Failure executing phase stop over object DefaultBatchEngine, error message is: Failed to invoke lifecycle phase "stop" on object: com.mulesoft.mule.runtime.module.batch.internal.engine.DefaultBatchEngine@453bc847
INFO  2021-07-07 11:18:14,091 [WrapperListener_stop_runner] [processor: ; event: ] org.mule.runtime.module.deployment.impl.internal.artifact.AbstractDeployableArtifact: Stopping app 'Inventory' with no mule context
INFO  2021-07-07 11:18:14,112 [WrapperListener_stop_runner] [processor: ; event: ] org.mule.runtime.core.privileged.lifecycle.AbstractLifecycleManager: Disposing Bean: org.mule.runtime.module.extension.internal.runtime.config.ConfigurationProviderToolingAdapter-HTTP_Listener_config
INFO  2021-07-07 11:18:14,112 [WrapperListener_stop_runner] [processor: ; event: ] org.mule.runtime.core.privileged.lifecycle.AbstractLifecycleManager: Disposing Bean: org.mule.runtime.module.extension.internal.runtime.config.ConfigurationProviderToolingAdapter-Web_Service_Consumer_Config
INFO  2021-07-07 11:18:14,112 [WrapperListener_stop_runner] [processor: ; event: ] org.mule.runtime.core.internal.construct.FlowConstructLifecycleManager: Disposing flow: GetInventory-Soap
INFO  2021-07-07 11:18:14,113 [WrapperListener_stop_runner] [processor: ; event: ] org.mule.runtime.core.privileged.lifecycle.AbstractLifecycleManager: Disposing Bean: listener
INFO  2021-07-07 11:18:14,113 [WrapperListener_stop_runner] [processor: ; event: ] org.mule.runtime.core.privileged.lifecycle.AbstractLifecycleManager: Disposing Bean: org.mule.runtime.module.extension.internal.runtime.config.ConfigurationProviderToolingAdapter-Database_Config
INFO  2021-07-07 11:18:14,113 [WrapperListener_stop_runner] [processor: ; event: ] org.mule.runtime.core.internal.construct.FlowConstructLifecycleManager: Disposing flow: Get-InventoryDB
INFO  2021-07-07 11:18:14,113 [WrapperListener_stop_runner] [processor: ; event: ] org.mule.runtime.core.privileged.lifecycle.AbstractLifecycleManager: Disposing Bean: listener
INFO  2021-07-07 11:18:14,114 [WrapperListener_stop_runner] [processor: ; event: ] org.mule.runtime.core.internal.construct.FlowConstructLifecycleManager: Disposing flow: Get-InventoryDB-size
INFO  2021-07-07 11:18:14,114 [WrapperListener_stop_runner] [processor: ; event: ] org.mule.runtime.core.privileged.lifecycle.AbstractLifecycleManager: Disposing Bean: listener
INFO  2021-07-07 11:18:14,114 [WrapperListener_stop_runner] [processor: ; event: ] org.mule.runtime.core.internal.construct.FlowConstructLifecycleManager: Disposing flow: Get-InventoryDB-sku
INFO  2021-07-07 11:18:14,114 [WrapperListener_stop_runner] [processor: ; event: ] org.mule.runtime.core.privileged.lifecycle.AbstractLifecycleManager: Disposing Bean: listener
INFO  2021-07-07 11:18:14,114 [WrapperListener_stop_runner] [processor: ; event: ] org.mule.runtime.core.internal.construct.FlowConstructLifecycleManager: Disposing flow: Bulkinventory
INFO  2021-07-07 11:18:14,114 [WrapperListener_stop_runner] [processor: ; event: ] org.mule.runtime.core.privileged.lifecycle.AbstractLifecycleManager: Disposing Bean: listener
INFO  2021-07-07 11:18:14,264 [WrapperListener_stop_runner] [processor: ; event: ] org.mule.runtime.core.internal.logging.LogUtil: 
**********************************************************************
* Application "Inventory" shut down normally on: 7/7/21 11:18 AM     *
* Up for: 0 days, 0 hours, 10 mins, 7.58 sec                         *
**********************************************************************
INFO  2021-07-14 20:50:07,019 [WrapperListener_start_runner] [processor: ; event: ] org.mule.runtime.api.message.AbstractMuleMessageBuilderFactory: Loaded MuleMessageBuilderFactory implementation 'org.mule.runtime.core.internal.message.DefaultMessageBuilderFactory' from classloader 'org.mule.runtime.module.reboot.internal.MuleContainerSystemClassLoader@695951e'
INFO  2021-07-14 20:50:07,034 [WrapperListener_start_runner] [processor: ; event: ] org.mule.runtime.api.el.AbstractBindingContextBuilderFactory: Loaded BindingContextBuilderFactory implementation 'org.mule.runtime.core.api.el.DefaultBindingContextBuilderFactory' from classloader 'org.mule.runtime.module.reboot.internal.MuleContainerSystemClassLoader@695951e'
INFO  2021-07-14 20:50:10,124 [WrapperListener_start_runner] [processor: ; event: ] org.mule.runtime.core.internal.util.journal.TransactionJournal: Using files for tx logs C:\Users\joakp\Desktop\Mulesoft\mule-enterprise-standalone-4.3.0-20210119\.\.mule\Inventory\queue-tx-log\tx1.log and C:\Users\joakp\Desktop\Mulesoft\mule-enterprise-standalone-4.3.0-20210119\.\.mule\Inventory\queue-tx-log\tx2.log
INFO  2021-07-14 20:50:10,132 [WrapperListener_start_runner] [processor: ; event: ] org.mule.runtime.core.internal.util.journal.TransactionJournal: Using files for tx logs C:\Users\joakp\Desktop\Mulesoft\mule-enterprise-standalone-4.3.0-20210119\.\.mule\Inventory\queue-xa-tx-log\tx1.log and C:\Users\joakp\Desktop\Mulesoft\mule-enterprise-standalone-4.3.0-20210119\.\.mule\Inventory\queue-xa-tx-log\tx2.log
INFO  2021-07-14 20:50:10,190 [WrapperListener_start_runner] [processor: ; event: ] org.mule.runtime.core.privileged.lifecycle.AbstractLifecycleManager: Initialising Bean: org.mule.runtime.module.extension.internal.runtime.config.ConfigurationProviderToolingAdapter-HTTP_Listener_config
INFO  2021-07-14 20:50:10,371 [WrapperListener_start_runner] [processor: ; event: ] org.mule.runtime.core.privileged.lifecycle.AbstractLifecycleManager: Initialising Bean: org.mule.runtime.module.extension.internal.runtime.config.ConfigurationProviderToolingAdapter-Database_Config
INFO  2021-07-14 20:50:10,380 [WrapperListener_start_runner] [processor: ; event: ] org.mule.runtime.core.privileged.lifecycle.AbstractLifecycleManager: Initialising Bean: org.mule.runtime.module.extension.internal.runtime.config.ConfigurationProviderToolingAdapter-Web_Service_Consumer_Config
INFO  2021-07-14 20:50:10,398 [WrapperListener_start_runner] [processor: ; event: ] org.mule.runtime.core.internal.security.tls.TlsProperties: Loading configuration file: tls-default.conf
INFO  2021-07-14 20:50:10,399 [WrapperListener_start_runner] [processor: ; event: ] org.mule.runtime.api.tls.AbstractTlsContextFactoryBuilderFactory: Loaded TlsContextFactoryBuilderFactory implementation 'org.mule.runtime.module.tls.api.DefaultTlsContextFactoryBuilderFactory' from classloader 'org.mule.runtime.module.reboot.internal.MuleContainerSystemClassLoader@695951e'
INFO  2021-07-14 20:50:10,415 [WrapperListener_start_runner] [processor: ; event: ] org.mule.runtime.core.internal.construct.FlowConstructLifecycleManager: Initialising flow: GetInventory-Soap
INFO  2021-07-14 20:50:10,453 [WrapperListener_start_runner] [processor: ; event: ] org.mule.runtime.core.privileged.lifecycle.AbstractLifecycleManager: Initialising Bean: listener
INFO  2021-07-14 20:50:10,777 [WrapperListener_start_runner] [processor: ; event: ] org.mule.runtime.core.internal.construct.FlowConstructLifecycleManager: Initialising flow: Get-InventoryDB
INFO  2021-07-14 20:50:10,777 [WrapperListener_start_runner] [processor: ; event: ] org.mule.runtime.core.privileged.lifecycle.AbstractLifecycleManager: Initialising Bean: listener
INFO  2021-07-14 20:50:10,804 [WrapperListener_start_runner] [processor: ; event: ] org.mule.runtime.core.internal.construct.FlowConstructLifecycleManager: Initialising flow: Get-InventoryDB-size
INFO  2021-07-14 20:50:10,805 [WrapperListener_start_runner] [processor: ; event: ] org.mule.runtime.core.privileged.lifecycle.AbstractLifecycleManager: Initialising Bean: listener
INFO  2021-07-14 20:50:10,812 [WrapperListener_start_runner] [processor: ; event: ] org.mule.runtime.core.internal.construct.FlowConstructLifecycleManager: Initialising flow: Get-InventoryDB-sku
INFO  2021-07-14 20:50:10,813 [WrapperListener_start_runner] [processor: ; event: ] org.mule.runtime.core.privileged.lifecycle.AbstractLifecycleManager: Initialising Bean: listener
INFO  2021-07-14 20:50:10,820 [WrapperListener_start_runner] [processor: ; event: ] org.mule.runtime.core.internal.construct.FlowConstructLifecycleManager: Initialising flow: Bulkinventory
INFO  2021-07-14 20:50:10,822 [WrapperListener_start_runner] [processor: ; event: ] org.mule.runtime.core.privileged.lifecycle.AbstractLifecycleManager: Initialising Bean: listener
INFO  2021-07-14 20:50:10,930 [WrapperListener_start_runner] [processor: ; event: ] org.mule.runtime.core.internal.util.queue.QueueXaResourceManager: Starting ResourceManager
INFO  2021-07-14 20:50:10,930 [WrapperListener_start_runner] [processor: ; event: ] org.mule.runtime.core.internal.util.queue.QueueXaResourceManager: Started ResourceManager
INFO  2021-07-14 20:50:10,935 [WrapperListener_start_runner] [processor: ; event: ] org.mule.runtime.core.privileged.lifecycle.AbstractLifecycleManager: Starting Bean: org.mule.runtime.module.extension.internal.runtime.config.ConfigurationProviderToolingAdapter-HTTP_Listener_config
INFO  2021-07-14 20:50:10,953 [WrapperListener_start_runner] [processor: ; event: ] org.mule.runtime.core.privileged.lifecycle.AbstractLifecycleManager: Starting Bean: org.mule.runtime.module.extension.internal.runtime.config.ConfigurationProviderToolingAdapter-Database_Config
WARN  2021-07-14 20:50:11,878 [[MuleRuntime].uber.18: [Inventory].uber@org.mule.runtime.module.extension.internal.runtime.config.LifecycleAwareConfigurationInstance.testConnectivity:179 @39436ffb] [processor: ; event: ] org.mule.extension.db.api.logger.MuleMySqlLogger: Establishing SSL connection without server's identity verification is not recommended. According to MySQL 5.5.45+, 5.6.26+ and 5.7.6+ requirements SSL connection must be established by default if explicit option isn't set. For compliance with existing applications not using SSL the verifyServerCertificate property is set to 'false'. You need either to explicitly disable SSL by setting useSSL=false, or set useSSL=true and provide truststore for server certificate verification.
INFO  2021-07-14 20:50:13,531 [WrapperListener_start_runner] [processor: ; event: ] org.mule.runtime.core.privileged.lifecycle.AbstractLifecycleManager: Starting Bean: org.mule.runtime.module.extension.internal.runtime.config.ConfigurationProviderToolingAdapter-Web_Service_Consumer_Config
INFO  2021-07-14 20:50:13,577 [WrapperListener_start_runner] [processor: ; event: ] org.mule.runtime.core.internal.construct.FlowConstructLifecycleManager: Starting flow: GetInventory-Soap
INFO  2021-07-14 20:50:13,810 [WrapperListener_start_runner] [processor: ; event: ] org.mule.runtime.core.internal.construct.FlowConstructLifecycleManager: Starting flow: Get-InventoryDB
INFO  2021-07-14 20:50:13,819 [WrapperListener_start_runner] [processor: ; event: ] org.mule.runtime.core.internal.construct.FlowConstructLifecycleManager: Starting flow: Get-InventoryDB-size
INFO  2021-07-14 20:50:13,826 [WrapperListener_start_runner] [processor: ; event: ] org.mule.runtime.core.internal.construct.FlowConstructLifecycleManager: Starting flow: Get-InventoryDB-sku
INFO  2021-07-14 20:50:13,832 [WrapperListener_start_runner] [processor: ; event: ] org.mule.runtime.core.internal.construct.FlowConstructLifecycleManager: Starting flow: Bulkinventory
INFO  2021-07-14 20:50:13,860 [WrapperListener_start_runner] [processor: ; event: ] org.mule.runtime.core.privileged.lifecycle.AbstractLifecycleManager: Starting Bean: listener
INFO  2021-07-14 20:50:13,861 [WrapperListener_start_runner] [processor: ; event: ] org.mule.runtime.core.privileged.lifecycle.AbstractLifecycleManager: Starting Bean: listener
INFO  2021-07-14 20:50:13,862 [WrapperListener_start_runner] [processor: ; event: ] org.mule.runtime.core.privileged.lifecycle.AbstractLifecycleManager: Starting Bean: listener
INFO  2021-07-14 20:50:13,862 [WrapperListener_start_runner] [processor: ; event: ] org.mule.runtime.core.privileged.lifecycle.AbstractLifecycleManager: Starting Bean: listener
INFO  2021-07-14 20:50:13,863 [WrapperListener_start_runner] [processor: ; event: ] org.mule.runtime.core.privileged.lifecycle.AbstractLifecycleManager: Starting Bean: listener
INFO  2021-07-14 20:50:13,864 [WrapperListener_start_runner] [processor: ; event: ] org.mule.runtime.core.internal.logging.LogUtil: 
**********************************************************************
* Application: Inventory                                             *
* OS encoding: windows-1252, Mule encoding: UTF-8                    *
*                                                                    *
**********************************************************************
